[debug] [2021-05-11T02:07:37.859Z] ----------------------------------------------------------------------
[debug] [2021-05-11T02:07:37.860Z] Command:       C:\Program Files\nodejs\node.exe C:\Users\flmm0\AppData\Roaming\npm\node_modules\firebase-tools\lib\bin\firebase.js deploy
[debug] [2021-05-11T02:07:37.861Z] CLI Version:   9.10.2
[debug] [2021-05-11T02:07:37.861Z] Platform:      win32
[debug] [2021-05-11T02:07:37.861Z] Node Version:  v14.16.1
[debug] [2021-05-11T02:07:37.862Z] Time:          Mon May 10 2021 22:07:37 GMT-0400 (hora estándar de Chile)
[debug] [2021-05-11T02:07:37.862Z] ----------------------------------------------------------------------
[debug] 
[debug] [2021-05-11T02:07:37.872Z] > command requires scopes: ["email","openid","https://www.googleapis.com/auth/cloudplatformprojects.readonly","https://www.googleapis.com/auth/firebase","https://www.googleapis.com/auth/cloud-platform"]
[debug] [2021-05-11T02:07:37.872Z] > authorizing via signed-in user (f.l.m.m.0027@gmail.com)
[debug] [2021-05-11T02:07:37.872Z] [iam] checking project vet for permissions ["firebase.projects.get","firebasehosting.sites.update"]
[debug] [2021-05-11T02:07:37.875Z] > refreshing access token with scopes: ["email","https://www.googleapis.com/auth/cloud-platform","https://www.googleapis.com/auth/cloudplatformprojects.readonly","https://www.googleapis.com/auth/firebase","openid"]
[debug] [2021-05-11T02:07:37.875Z] >>> HTTP REQUEST POST https://www.googleapis.com/oauth2/v3/token  
 <request body omitted>
[debug] [2021-05-11T02:07:38.217Z] <<< HTTP RESPONSE 200 {"expires":"Mon, 01 Jan 1990 00:00:00 GMT","cache-control":"no-cache, no-store, max-age=0, must-revalidate","date":"Tue, 11 May 2021 02:07:38 GMT","pragma":"no-cache","content-type":"application/json; charset=utf-8","vary":"X-Origin, Referer, Origin,Accept-Encoding","server":"scaffolding on HTTPServer2","x-xss-protection":"0","x-frame-options":"SAMEORIGIN","x-content-type-options":"nosniff","alt-svc":"h3-29=\":443\"; ma=2592000,h3-T051=\":443\"; ma=2592000,h3-Q050=\":443\"; ma=2592000,h3-Q046=\":443\"; ma=2592000,h3-Q043=\":443\"; ma=2592000,quic=\":443\"; ma=2592000; v=\"46,43\"","accept-ranges":"none","transfer-encoding":"chunked"}
[debug] [2021-05-11T02:07:39.056Z] >>> HTTP REQUEST POST https://cloudresourcemanager.googleapis.com/v1/projects/vet:testIamPermissions  
 {"permissions":["firebase.projects.get","firebasehosting.sites.update"]}
[debug] [2021-05-11T02:07:40.364Z] <<< HTTP RESPONSE 200 {"content-type":"application/json; charset=UTF-8","vary":"X-Origin, Referer, Origin,Accept-Encoding","date":"Tue, 11 May 2021 02:07:40 GMT","server":"ESF","cache-control":"private","x-xss-protection":"0","x-frame-options":"SAMEORIGIN","x-content-type-options":"nosniff","server-timing":"gfet4t7; dur=936","alt-svc":"h3-29=\":443\"; ma=2592000,h3-T051=\":443\"; ma=2592000,h3-Q050=\":443\"; ma=2592000,h3-Q046=\":443\"; ma=2592000,h3-Q043=\":443\"; ma=2592000,quic=\":443\"; ma=2592000; v=\"46,43\"","accept-ranges":"none","transfer-encoding":"chunked"}
[debug] [2021-05-11T02:07:40.368Z] [iam] error while checking permissions, command may fail: FirebaseError: Authorization failed. This account is missing the following required permissions on project vet:

  firebase.projects.get
  firebasehosting.sites.update
[debug] [2021-05-11T02:07:40.377Z] > refreshing access token with scopes: []
[debug] [2021-05-11T02:07:40.379Z] >>> HTTP REQUEST POST https://www.googleapis.com/oauth2/v3/token  
 <request body omitted>
[debug] [2021-05-11T02:07:40.670Z] <<< HTTP RESPONSE 200 {"cache-control":"no-cache, no-store, max-age=0, must-revalidate","pragma":"no-cache","expires":"Mon, 01 Jan 1990 00:00:00 GMT","date":"Tue, 11 May 2021 02:07:40 GMT","content-type":"application/json; charset=utf-8","vary":"X-Origin, Referer, Origin,Accept-Encoding","server":"scaffolding on HTTPServer2","x-xss-protection":"0","x-frame-options":"SAMEORIGIN","x-content-type-options":"nosniff","alt-svc":"h3-29=\":443\"; ma=2592000,h3-T051=\":443\"; ma=2592000,h3-Q050=\":443\"; ma=2592000,h3-Q046=\":443\"; ma=2592000,h3-Q043=\":443\"; ma=2592000,quic=\":443\"; ma=2592000; v=\"46,43\"","accept-ranges":"none","transfer-encoding":"chunked"}
[debug] [2021-05-11T02:07:41.604Z] >>> [apiv2][query] GET https://firebase.googleapis.com/v1beta1/projects/vet [none]
[debug] [2021-05-11T02:07:42.776Z] <<< [apiv2][status] GET https://firebase.googleapis.com/v1beta1/projects/vet 403
[debug] [2021-05-11T02:07:42.776Z] <<< [apiv2][body] GET https://firebase.googleapis.com/v1beta1/projects/vet {"error":{"code":403,"message":"The caller does not have permission","status":"PERMISSION_DENIED"}}
[debug] [2021-05-11T02:07:42.777Z] HTTP Error: 403, The caller does not have permission
[debug] [2021-05-11T02:07:42.779Z] FirebaseError: HTTP Error: 403, The caller does not have permission
    at module.exports (C:\Users\flmm0\AppData\Roaming\npm\node_modules\firebase-tools\lib\responseToError.js:38:12)
    at Client.doRequest (C:\Users\flmm0\AppData\Roaming\npm\node_modules\firebase-tools\lib\apiv2.js:238:23)
    at processTicksAndRejections (internal/process/task_queues.js:93:5)
    at async Client.request (C:\Users\flmm0\AppData\Roaming\npm\node_modules\firebase-tools\lib\apiv2.js:96:20)
    at async Object.getFirebaseProject (C:\Users\flmm0\AppData\Roaming\npm\node_modules\firebase-tools\lib\management\projects.js:290:21)
    at async Object.getDefaultHostingSite (C:\Users\flmm0\AppData\Roaming\npm\node_modules\firebase-tools\lib\getDefaultHostingSite.js:8:21)
    at async requireHostingSite (C:\Users\flmm0\AppData\Roaming\npm\node_modules\firebase-tools\lib\requireHostingSite.js:9:18)
    at async Object.fn (C:\Users\flmm0\AppData\Roaming\npm\node_modules\firebase-tools\lib\commands\deploy.js:66:9)
    at async C:\Users\flmm0\AppData\Roaming\npm\node_modules\firebase-tools\lib\command.js:169:17
[error] 
[error] Error: Failed to get Firebase project vet. Please make sure the project exists and your account has permission to access it.
[debug] [2021-05-11T02:12:55.636Z] ----------------------------------------------------------------------
[debug] [2021-05-11T02:12:55.639Z] Command:       C:\Program Files\nodejs\node.exe C:\Users\flmm0\AppData\Roaming\npm\node_modules\firebase-tools\lib\bin\firebase.js deploy --only hosting
[debug] [2021-05-11T02:12:55.639Z] CLI Version:   9.10.2
[debug] [2021-05-11T02:12:55.639Z] Platform:      win32
[debug] [2021-05-11T02:12:55.639Z] Node Version:  v14.16.1
[debug] [2021-05-11T02:12:55.640Z] Time:          Mon May 10 2021 22:12:55 GMT-0400 (hora estándar de Chile)
[debug] [2021-05-11T02:12:55.640Z] ----------------------------------------------------------------------
[debug] 
[debug] [2021-05-11T02:12:55.651Z] > command requires scopes: ["email","openid","https://www.googleapis.com/auth/cloudplatformprojects.readonly","https://www.googleapis.com/auth/firebase","https://www.googleapis.com/auth/cloud-platform"]
[debug] [2021-05-11T02:12:55.651Z] > authorizing via signed-in user (f.l.m.m.0027@gmail.com)
[debug] [2021-05-11T02:12:55.651Z] [iam] checking project vet for permissions ["firebase.projects.get","firebasehosting.sites.update"]
[debug] [2021-05-11T02:12:55.653Z] > refreshing access token with scopes: ["email","https://www.googleapis.com/auth/cloud-platform","https://www.googleapis.com/auth/cloudplatformprojects.readonly","https://www.googleapis.com/auth/firebase","openid"]
[debug] [2021-05-11T02:12:55.654Z] >>> HTTP REQUEST POST https://www.googleapis.com/oauth2/v3/token  
 <request body omitted>
[debug] [2021-05-11T02:12:55.978Z] <<< HTTP RESPONSE 200 {"expires":"Mon, 01 Jan 1990 00:00:00 GMT","cache-control":"no-cache, no-store, max-age=0, must-revalidate","pragma":"no-cache","date":"Tue, 11 May 2021 02:12:56 GMT","content-type":"application/json; charset=utf-8","vary":"X-Origin, Referer, Origin,Accept-Encoding","server":"scaffolding on HTTPServer2","x-xss-protection":"0","x-frame-options":"SAMEORIGIN","x-content-type-options":"nosniff","alt-svc":"h3-29=\":443\"; ma=2592000,h3-T051=\":443\"; ma=2592000,h3-Q050=\":443\"; ma=2592000,h3-Q046=\":443\"; ma=2592000,h3-Q043=\":443\"; ma=2592000,quic=\":443\"; ma=2592000; v=\"46,43\"","accept-ranges":"none","transfer-encoding":"chunked"}
[debug] [2021-05-11T02:12:56.096Z] >>> HTTP REQUEST POST https://cloudresourcemanager.googleapis.com/v1/projects/vet:testIamPermissions  
 {"permissions":["firebase.projects.get","firebasehosting.sites.update"]}
[debug] [2021-05-11T02:12:57.356Z] <<< HTTP RESPONSE 200 {"content-type":"application/json; charset=UTF-8","vary":"X-Origin, Referer, Origin,Accept-Encoding","date":"Tue, 11 May 2021 02:12:57 GMT","server":"ESF","cache-control":"private","x-xss-protection":"0","x-frame-options":"SAMEORIGIN","x-content-type-options":"nosniff","server-timing":"gfet4t7; dur=921","alt-svc":"h3-29=\":443\"; ma=2592000,h3-T051=\":443\"; ma=2592000,h3-Q050=\":443\"; ma=2592000,h3-Q046=\":443\"; ma=2592000,h3-Q043=\":443\"; ma=2592000,quic=\":443\"; ma=2592000; v=\"46,43\"","accept-ranges":"none","transfer-encoding":"chunked"}
[debug] [2021-05-11T02:12:57.357Z] [iam] error while checking permissions, command may fail: FirebaseError: Authorization failed. This account is missing the following required permissions on project vet:

  firebase.projects.get
  firebasehosting.sites.update
[debug] [2021-05-11T02:12:57.359Z] > refreshing access token with scopes: []
[debug] [2021-05-11T02:12:57.359Z] >>> HTTP REQUEST POST https://www.googleapis.com/oauth2/v3/token  
 <request body omitted>
[debug] [2021-05-11T02:12:57.587Z] <<< HTTP RESPONSE 200 {"expires":"Mon, 01 Jan 1990 00:00:00 GMT","date":"Tue, 11 May 2021 02:12:57 GMT","cache-control":"no-cache, no-store, max-age=0, must-revalidate","pragma":"no-cache","content-type":"application/json; charset=utf-8","vary":"X-Origin, Referer, Origin,Accept-Encoding","server":"scaffolding on HTTPServer2","x-xss-protection":"0","x-frame-options":"SAMEORIGIN","x-content-type-options":"nosniff","alt-svc":"h3-29=\":443\"; ma=2592000,h3-T051=\":443\"; ma=2592000,h3-Q050=\":443\"; ma=2592000,h3-Q046=\":443\"; ma=2592000,h3-Q043=\":443\"; ma=2592000,quic=\":443\"; ma=2592000; v=\"46,43\"","accept-ranges":"none","transfer-encoding":"chunked"}
[debug] [2021-05-11T02:12:57.684Z] >>> [apiv2][query] GET https://firebase.googleapis.com/v1beta1/projects/vet [none]
[debug] [2021-05-11T02:12:58.868Z] <<< [apiv2][status] GET https://firebase.googleapis.com/v1beta1/projects/vet 403
[debug] [2021-05-11T02:12:58.868Z] <<< [apiv2][body] GET https://firebase.googleapis.com/v1beta1/projects/vet {"error":{"code":403,"message":"The caller does not have permission","status":"PERMISSION_DENIED"}}
[debug] [2021-05-11T02:12:58.868Z] HTTP Error: 403, The caller does not have permission
[debug] [2021-05-11T02:12:58.869Z] FirebaseError: HTTP Error: 403, The caller does not have permission
    at module.exports (C:\Users\flmm0\AppData\Roaming\npm\node_modules\firebase-tools\lib\responseToError.js:38:12)
    at Client.doRequest (C:\Users\flmm0\AppData\Roaming\npm\node_modules\firebase-tools\lib\apiv2.js:238:23)
    at processTicksAndRejections (internal/process/task_queues.js:93:5)
    at async Client.request (C:\Users\flmm0\AppData\Roaming\npm\node_modules\firebase-tools\lib\apiv2.js:96:20)
    at async Object.getFirebaseProject (C:\Users\flmm0\AppData\Roaming\npm\node_modules\firebase-tools\lib\management\projects.js:290:21)
    at async Object.getDefaultHostingSite (C:\Users\flmm0\AppData\Roaming\npm\node_modules\firebase-tools\lib\getDefaultHostingSite.js:8:21)
    at async requireHostingSite (C:\Users\flmm0\AppData\Roaming\npm\node_modules\firebase-tools\lib\requireHostingSite.js:9:18)
    at async Object.fn (C:\Users\flmm0\AppData\Roaming\npm\node_modules\firebase-tools\lib\commands\deploy.js:66:9)
    at async C:\Users\flmm0\AppData\Roaming\npm\node_modules\firebase-tools\lib\command.js:169:17
[error] 
[error] Error: Failed to get Firebase project vet. Please make sure the project exists and your account has permission to access it.
